
  [32m[1mVITE[22m v5.4.21[39m  [2mready in [0m[1m270[22m[2m[0m ms[22m

  [32m➜[39m  [1mLocal[22m:   [36mhttp://localhost:[1m5173[22m/[39m
[2m  [32m➜[39m  [1mNetwork[22m[2m: use [22m[1m--host[22m[2m to expose[22m
[2m[32m  ➜[39m[22m[2m  press [22m[1mh + enter[22m[2m to show help[22m
[2m02:50:48[22m [36m[1m[vite][22m[39m [32mpage reload [39m[2mtuner.html[22m
[2m02:51:15[22m [36m[1m[vite][22m[39m [32mpage reload [39m[2mindex.html[22m
[2m02:51:16[22m [31m[1m[vite][22m[39m Pre-transform error: Failed to load url /src/game.ts (resolved id: /src/game.ts). Does the file exist?
[2m02:55:29[22m [36m[1m[vite][22m[39m [32m✨ new dependencies optimized: [33mthree, three/addons/objects/Sky.js[32m[39m
[2m02:55:29[22m [36m[1m[vite][22m[39m [32m✨ optimized dependencies changed. reloading[39m
[2m02:56:38[22m [36m[1m[vite][22m[39m [32mpage reload [39m[2msrc/game/physics.ts[22m
[2m02:57:23[22m [36m[1m[vite][22m[39m [32mpage reload [39m[2msrc/game/physics.ts[22m
[2m03:13:45[22m [36m[1m[vite][22m[39m [32mpage reload [39m[2msrc/game/physics.ts[22m
[2m03:13:48[22m [36m[1m[vite][22m[39m [32mpage reload [39m[2msrc/game/physics.ts[22m
[2m03:13:50[22m [36m[1m[vite][22m[39m [32mpage reload [39m[2msrc/game/physics.ts[22m
[2m03:13:52[22m [36m[1m[vite][22m[39m [32mpage reload [39m[2msrc/game/physics.ts[22m
[2m03:14:41[22m [36m[1m[vite][22m[39m [32mpage reload [39m[2msrc/game/physics.ts[22m
[2m03:16:56[22m [36m[1m[vite][22m[39m [32mpage reload [39m[2msrc/game.ts[22m
[2m03:17:34[22m [36m[1m[vite][22m[39m [32mpage reload [39m[2msrc/game/textures.ts[22m
[2m03:19:33[22m [36m[1m[vite][22m[39m [32mpage reload [39m[2msrc/game/track.ts[22m
[2m03:19:49[22m [36m[1m[vite][22m[39m [32mpage reload [39m[2msrc/game.ts[22m
[2m03:19:51[22m [36m[1m[vite][22m[39m [32mpage reload [39m[2msrc/game.ts[22m
[2m03:19:52[22m [36m[1m[vite][22m[39m [32mpage reload [39m[2msrc/game.ts[22m
[2m03:20:08[22m [36m[1m[vite][22m[39m [32mpage reload [39m[2msrc/game.ts[22m
[2m03:20:09[22m [36m[1m[vite][22m[39m [32m✨ new dependencies optimized: [33mthree/addons/postprocessing/EffectComposer.js, three/addons/postprocessing/RenderPass.js, three/addons/postprocessing/UnrealBloomPass.js, three/addons/postprocessing/ShaderPass.js, three/addons/postprocessing/OutputPass.js[32m[39m
[2m03:20:09[22m [36m[1m[vite][22m[39m [32m✨ optimized dependencies changed. reloading[39m
[2m03:20:10[22m [36m[1m[vite][22m[39m [32mpage reload [39m[2msrc/game.ts[22m
[2m03:20:24[22m [36m[1m[vite][22m[39m [32mpage reload [39m[2msrc/game.ts[22m
[2m03:34:02[22m [36m[1m[vite][22m[39m [32mpage reload [39m[2msrc/game/physics.ts[22m
[2m03:35:18[22m [36m[1m[vite][22m[39m [32mpage reload [39m[2msrc/game/physics.ts[22m
[2m03:36:42[22m [36m[1m[vite][22m[39m [32mpage reload [39m[2msrc/game/textures.ts[22m
[2m03:37:02[22m [36m[1m[vite][22m[39m [32mpage reload [39m[2msrc/game/car.ts[22m
[2m03:37:44[22m [36m[1m[vite][22m[39m [32mpage reload [39m[2msrc/game/decorations.ts[22m
[2m03:37:44[22m [36m[1m[vite][22m[39m [32mpage reload [39m[2msrc/game/track.ts[22m
[2m03:37:44[22m [36m[1m[vite][22m[39m [32mpage reload [39m[2msrc/game/terrain.ts[22m
[2m03:37:45[22m [31m[1m[vite][22m[39m Pre-transform error: Transform failed with 1 error:
G:/产品/废案/benchmark/enginsim/src/game/decorations.ts:61:23: ERROR: Expected identifier but found ","
[2m03:37:45[22m [31m[1m[vite][22m[39m [31mInternal server error: Transform failed with 1 error:
G:/产品/废案/benchmark/enginsim/src/game/decorations.ts:61:23: ERROR: Expected identifier but found ","[39m
  Plugin: [35mvite:esbuild[39m
  File: [36mG:/产品/废案/benchmark/enginsim/src/game/decorations.ts[39m:61:23
[33m  
  [33mExpected identifier but found ","[33m
  59 |    const tGeo = new THREE.TorusGeometry(0.37, 0.155, 6, 10);
  60 |    tGeo.rotateX(Math.PI / 2);
  61 |    const mat = toonMat({, flatShading: true });
     |                         ^
  62 |    const spots = [
  63 |      { t: 0.115, side: 1 }, { t: 0.24, side: 1 }, { t: 0.40, side: 1 },
  [39m
      at failureErrorWithLog (G:\产品\废案\benchmark\enginsim\node_modules\esbuild\lib\main.js:1472:15)
      at G:\产品\废案\benchmark\enginsim\node_modules\esbuild\lib\main.js:755:50
      at responseCallbacks.<computed> (G:\产品\废案\benchmark\enginsim\node_modules\esbuild\lib\main.js:622:9)
      at handleIncomingPacket (G:\产品\废案\benchmark\enginsim\node_modules\esbuild\lib\main.js:677:12)
      at Socket.readFromStdout (G:\产品\废案\benchmark\enginsim\node_modules\esbuild\lib\main.js:600:7)
      at Socket.emit (node:events:509:28)
      at addChunk (node:internal/streams/readable:563:12)
      at readableAddChunkPushByteMode (node:internal/streams/readable:514:3)
      at Readable.push (node:internal/streams/readable:394:5)
      at Pipe.onStreamRead (node:internal/stream_base_commons:189:23)
[2m03:38:16[22m [36m[1m[vite][22m[39m [32mpage reload [39m[2msrc/game/decorations.ts[22m
[2m03:38:32[22m [36m[1m[vite][22m[39m [32mpage reload [39m[2msrc/game/track.ts[22m
[2m03:38:35[22m [36m[1m[vite][22m[39m [32mpage reload [39m[2msrc/game/decorations.ts[22m
[2m03:38:35[22m [36m[1m[vite][22m[39m [32mpage reload [39m[2msrc/game/terrain.ts[22m
[2m03:39:10[22m [36m[1m[vite][22m[39m [32mpage reload [39m[2msrc/game/decorations.ts[22m
[2m03:39:10[22m [36m[1m[vite][22m[39m [32mpage reload [39m[2msrc/game/terrain.ts[22m
[2m03:39:38[22m [36m[1m[vite][22m[39m [32mpage reload [39m[2msrc/game.ts[22m
[2m03:39:40[22m [36m[1m[vite][22m[39m [32mpage reload [39m[2msrc/game.ts[22m
[2m03:39:41[22m [36m[1m[vite][22m[39m [32mpage reload [39m[2msrc/game.ts[22m
[2m03:39:44[22m [36m[1m[vite][22m[39m [32mpage reload [39m[2msrc/game.ts[22m
[2m03:40:13[22m [36m[1m[vite][22m[39m [32mpage reload [39m[2msrc/game.ts[22m
[2m03:40:13[22m [36m[1m[vite][22m[39m [32m✨ new dependencies optimized: [33mthree/addons/shaders/FXAAShader.js[32m[39m
[2m03:40:13[22m [36m[1m[vite][22m[39m [32m✨ optimized dependencies changed. reloading[39m
[2m03:41:08[22m [36m[1m[vite][22m[39m [32mpage reload [39m[2msrc/game.ts[22m
[2m03:41:40[22m [36m[1m[vite][22m[39m [32mpage reload [39m[2msrc/game.ts[22m
[2m03:41:52[22m [36m[1m[vite][22m[39m [32mpage reload [39m[2msrc/game.ts[22m
[2m03:42:10[22m [36m[1m[vite][22m[39m [32mpage reload [39m[2mindex.html[22m
[2m03:59:21[22m [36m[1m[vite][22m[39m [32mpage reload [39m[2msrc/game/physics.ts[22m
[2m04:00:05[22m [36m[1m[vite][22m[39m [32mpage reload [39m[2msrc/game/physics.ts[22m
[2m04:00:07[22m [36m[1m[vite][22m[39m [32mpage reload [39m[2msrc/game/physics.ts[22m
[2m04:00:09[22m [36m[1m[vite][22m[39m [32mpage reload [39m[2msrc/game/physics.ts[22m
[2m04:00:25[22m [36m[1m[vite][22m[39m [32mpage reload [39m[2msrc/game/physics.ts[22m
[2m04:00:25[22m [36m[1m[vite][22m[39m [32mpage reload [39m[2msrc/game/physics.ts[22m
[2m04:00:27[22m [36m[1m[vite][22m[39m [32mpage reload [39m[2msrc/game/physics.ts[22m
[2m04:03:27[22m [36m[1m[vite][22m[39m [32mpage reload [39m[2msrc/game/car.ts[22m
[2m04:04:07[22m [36m[1m[vite][22m[39m [32mpage reload [39m[2msrc/game/car.ts[22m
[2m04:04:19[22m [36m[1m[vite][22m[39m [32mpage reload [39m[2msrc/core/EngineAudio.ts[22m
[2m04:04:23[22m [36m[1m[vite][22m[39m [32mpage reload [39m[2msrc/core/EngineAudio.ts[22m
[2m04:05:45[22m [36m[1m[vite][22m[39m [32mpage reload [39m[2msrc/game/track.ts[22m
[2m04:06:08[22m [36m[1m[vite][22m[39m [32mpage reload [39m[2msrc/game/decorations.ts[22m
[2m04:06:32[22m [36m[1m[vite][22m[39m [32mpage reload [39m[2msrc/game/decorations.ts[22m
[2m04:07:00[22m [36m[1m[vite][22m[39m [32mpage reload [39m[2msrc/game/decorations.ts[22m
[2m04:07:03[22m [36m[1m[vite][22m[39m [32mpage reload [39m[2msrc/game/decorations.ts[22m
[2m04:07:33[22m [36m[1m[vite][22m[39m [32mpage reload [39m[2msrc/game/decorations.ts[22m
[2m04:07:56[22m [36m[1m[vite][22m[39m [32mpage reload [39m[2mindex.html[22m
[2m04:08:10[22m [36m[1m[vite][22m[39m [32mpage reload [39m[2mindex.html[22m
[2m04:08:45[22m [36m[1m[vite][22m[39m [32mpage reload [39m[2msrc/game.ts[22m
[2m04:08:50[22m [36m[1m[vite][22m[39m [32mpage reload [39m[2msrc/game.ts[22m
[2m04:09:10[22m [36m[1m[vite][22m[39m [32mpage reload [39m[2msrc/game.ts[22m
[2m04:09:29[22m [36m[1m[vite][22m[39m [32mpage reload [39m[2msrc/game.ts[22m
[2m04:10:06[22m [36m[1m[vite][22m[39m [32mpage reload [39m[2msrc/game.ts[22m
[2m04:10:27[22m [36m[1m[vite][22m[39m [32mpage reload [39m[2msrc/game.ts[22m
[2m04:10:42[22m [36m[1m[vite][22m[39m [32mpage reload [39m[2msrc/game.ts[22m
[2m04:10:45[22m [36m[1m[vite][22m[39m [32mpage reload [39m[2msrc/game.ts[22m
[2m04:11:39[22m [36m[1m[vite][22m[39m [32mpage reload [39m[2msrc/game.ts[22m
[2m04:21:03[22m [36m[1m[vite][22m[39m [32mpage reload [39m[2msrc/game/track.ts[22m
[2m04:21:27[22m [36m[1m[vite][22m[39m [32mpage reload [39m[2msrc/game/track.ts[22m
[2m04:22:02[22m [36m[1m[vite][22m[39m [32mpage reload [39m[2mindex.html[22m
[2m04:22:07[22m [36m[1m[vite][22m[39m [32mpage reload [39m[2mindex.html[22m
[2m04:23:42[22m [36m[1m[vite][22m[39m [32mpage reload [39m[2msrc/game.ts[22m
[2m04:24:06[22m [36m[1m[vite][22m[39m [32mpage reload [39m[2msrc/game.ts[22m
[2m04:24:20[22m [36m[1m[vite][22m[39m [32mpage reload [39m[2msrc/game.ts[22m
[2m04:24:21[22m [36m[1m[vite][22m[39m [32mpage reload [39m[2msrc/game.ts[22m
[2m04:24:48[22m [36m[1m[vite][22m[39m [32mpage reload [39m[2msrc/game.ts[22m
[2m04:25:36[22m [36m[1m[vite][22m[39m [32mpage reload [39m[2msrc/game.ts[22m
[2m04:28:12[22m [36m[1m[vite][22m[39m [32mpage reload [39m[2msrc/game/track.ts[22m
